<?xml version="1.0" encoding="UTF-8"?>
<testng-results ignored="0" total="1" passed="1" failed="0" skipped="0">
  <reporter-output>
  </reporter-output>
  <suite started-at="2024-03-13T01:05:45 GMT" name="Default suite" finished-at="2024-03-13T01:05:47 GMT" duration-ms="2159">
    <groups>
    </groups>
    <test started-at="2024-03-13T01:05:45 GMT" name="Default test" finished-at="2024-03-13T01:05:47 GMT" duration-ms="2159">
      <class name="newtest.GetTest01">
        <test-method signature="test_01()[pri:0, instance:newtest.GetTest01@6fe7aac8]" started-at="2024-03-13T01:05:45 GMT" name="test_01" finished-at="2024-03-13T01:05:47 GMT" duration-ms="2110" status="PASS">
          <reporter-output>
          </reporter-output>
        </test-method> <!-- test_01 -->
      </class> <!-- newtest.GetTest01 -->
    </test> <!-- Default test -->
  </suite> <!-- Default suite -->
</testng-results>
